Flow report for Lab4_PartB
Sun Jul 17 16:46:13 2011
Quartus II Version 9.0 Build 132 02/25/2009 SJ Full Version


---------------------
; Table of Contents ;
---------------------
  1. Legal Notice
  2. Flow Summary
  3. Flow Settings
  4. Flow Non-Default Global Settings
  5. Flow Elapsed Time
  6. Flow OS Summary
  7. Flow Log



----------------
; Legal Notice ;
----------------
Copyright (C) 1991-2009 Altera Corporation
Your use of Altera Corporation's design tools, logic functions 
and other software and tools, and its AMPP partner logic 
functions, and any output files from any of the foregoing 
(including device programming or simulation files), and any 
associated documentation or information are expressly subject 
to the terms and conditions of the Altera Program License 
Subscription Agreement, Altera MegaCore Function License 
Agreement, or other applicable license agreement, including, 
without limitation, that your use is for the sole purpose of 
programming logic devices manufactured by Altera and sold by 
Altera or its authorized distributors.  Please refer to the 
applicable agreement for further details.



+-------------------------------------------------------------------------------+
; Flow Summary                                                                  ;
+------------------------------------+------------------------------------------+
; Flow Status                        ; Successful - Sun Jul 17 16:46:13 2011    ;
; Quartus II Version                 ; 9.0 Build 132 02/25/2009 SJ Full Version ;
; Revision Name                      ; Lab4_PartB                               ;
; Top-level Entity Name              ; Lab4_PartB                               ;
; Family                             ; Cyclone II                               ;
; Device                             ; EP2C35F672C6                             ;
; Timing Models                      ; Final                                    ;
; Met timing requirements            ; Yes                                      ;
; Total logic elements               ; 108 / 33,216 ( < 1 % )                   ;
;     Total combinational functions  ; 108 / 33,216 ( < 1 % )                   ;
;     Dedicated logic registers      ; 48 / 33,216 ( < 1 % )                    ;
; Total registers                    ; 48                                       ;
; Total pins                         ; 78 / 475 ( 16 % )                        ;
; Total virtual pins                 ; 0                                        ;
; Total memory bits                  ; 0 / 483,840 ( 0 % )                      ;
; Embedded Multiplier 9-bit elements ; 0 / 70 ( 0 % )                           ;
; Total PLLs                         ; 0 / 4 ( 0 % )                            ;
+------------------------------------+------------------------------------------+


+-----------------------------------------+
; Flow Settings                           ;
+-------------------+---------------------+
; Option            ; Setting             ;
+-------------------+---------------------+
; Start date & time ; 07/17/2011 16:45:30 ;
; Main task         ; Compilation         ;
; Revision Name     ; Lab4_PartB          ;
+-------------------+---------------------+


+------------------------------------------------------------------------------------------------------------------+
; Flow Non-Default Global Settings                                                                                 ;
+------------------------------------+------------------------------+---------------+-------------+----------------+
; Assignment Name                    ; Value                        ; Default Value ; Entity Name ; Section Id     ;
+------------------------------------+------------------------------+---------------+-------------+----------------+
; COMPILER_SIGNATURE_ID              ; 146381860683.131093553000876 ; --            ; --          ; --             ;
; MAX_CORE_JUNCTION_TEMP             ; 85                           ; --            ; --          ; --             ;
; MIN_CORE_JUNCTION_TEMP             ; 0                            ; --            ; --          ; --             ;
; PARTITION_COLOR                    ; 16764057                     ; --            ; --          ; Top            ;
; PARTITION_NETLIST_TYPE             ; SOURCE                       ; --            ; --          ; Top            ;
; USE_GENERATED_PHYSICAL_CONSTRAINTS ; Off                          ; --            ; --          ; eda_blast_fpga ;
+------------------------------------+------------------------------+---------------+-------------+----------------+


+-----------------------------------------------------------------------------------------------------------------------------+
; Flow Elapsed Time                                                                                                           ;
+-------------------------+--------------+-------------------------+---------------------+------------------------------------+
; Module Name             ; Elapsed Time ; Average Processors Used ; Peak Virtual Memory ; Total CPU Time (on all processors) ;
+-------------------------+--------------+-------------------------+---------------------+------------------------------------+
; Analysis & Synthesis    ; 00:00:06     ; 1.0                     ; 198 MB              ; 00:00:03                           ;
; Fitter                  ; 00:00:15     ; 1.0                     ; 251 MB              ; 00:00:11                           ;
; Assembler               ; 00:00:09     ; 1.0                     ; 220 MB              ; 00:00:07                           ;
; Classic Timing Analyzer ; 00:00:05     ; 1.0                     ; 129 MB              ; 00:00:02                           ;
; Total                   ; 00:00:35     ; --                      ; --                  ; 00:00:23                           ;
+-------------------------+--------------+-------------------------+---------------------+------------------------------------+


+---------------------------------------------------------------------------------------+
; Flow OS Summary                                                                       ;
+-------------------------+------------------+------------+------------+----------------+
; Module Name             ; Machine Hostname ; OS Name    ; OS Version ; Processor type ;
+-------------------------+------------------+------------+------------+----------------+
; Analysis & Synthesis    ; ECE-FPGA8        ; Windows XP ; 5.1        ; i1586          ;
; Fitter                  ; ECE-FPGA8        ; Windows XP ; 5.1        ; i1586          ;
; Assembler               ; ECE-FPGA8        ; Windows XP ; 5.1        ; i1586          ;
; Classic Timing Analyzer ; ECE-FPGA8        ; Windows XP ; 5.1        ; i1586          ;
+-------------------------+------------------+------------+------------+----------------+


------------
; Flow Log ;
------------
quartus_map --read_settings_files=on --write_settings_files=off Lab4_PartB -c Lab4_PartB
quartus_fit --read_settings_files=off --write_settings_files=off Lab4_PartB -c Lab4_PartB
quartus_asm --read_settings_files=off --write_settings_files=off Lab4_PartB -c Lab4_PartB
quartus_tan --read_settings_files=off --write_settings_files=off Lab4_PartB -c Lab4_PartB --timing_analysis_only



