Analysis & Synthesis report for Lab4_Change_for_Simulation
Sun Jul 17 20:19:40 2011
Quartus II Version 9.0 Build 184 04/29/2009 Service Pack 1 SJ Web Edition


---------------------
; Table of Contents ;
---------------------
  1. Legal Notice
  2. Analysis & Synthesis Summary
  3. Analysis & Synthesis Settings
  4. Analysis & Synthesis Source Files Read
  5. Analysis & Synthesis Resource Usage Summary
  6. Analysis & Synthesis Resource Utilization by Entity
  7. State Machine - |Lab4_Change_for_Simulation|state
  8. General Register Statistics
  9. Multiplexer Restructuring Statistics (Restructuring Performed)
 10. Port Connectivity Checks: "SevenSegment:ShowCount3"
 11. Port Connectivity Checks: "SevenSegment:ShowCount2"
 12. Port Connectivity Checks: "SevenSegment:ShowCount1"
 13. Port Connectivity Checks: "SevenSegment:ShowState"
 14. Analysis & Synthesis Messages



----------------
; Legal Notice ;
----------------
Copyright (C) 1991-2009 Altera Corporation
Your use of Altera Corporation's design tools, logic functions 
and other software and tools, and its AMPP partner logic 
functions, and any output files from any of the foregoing 
(including device programming or simulation files), and any 
associated documentation or information are expressly subject 
to the terms and conditions of the Altera Program License 
Subscription Agreement, Altera MegaCore Function License 
Agreement, or other applicable license agreement, including, 
without limitation, that your use is for the sole purpose of 
programming logic devices manufactured by Altera and sold by 
Altera or its authorized distributors.  Please refer to the 
applicable agreement for further details.



+-----------------------------------------------------------------------------------+
; Analysis & Synthesis Summary                                                      ;
+------------------------------------+----------------------------------------------+
; Analysis & Synthesis Status        ; Successful - Sun Jul 17 20:19:40 2011        ;
; Quartus II Version                 ; 9.0 Build 184 04/29/2009 SP 1 SJ Web Edition ;
; Revision Name                      ; Lab4_Change_for_Simulation                   ;
; Top-level Entity Name              ; Lab4_Change_for_Simulation                   ;
; Family                             ; Cyclone II                                   ;
; Total logic elements               ; 64                                           ;
;     Total combinational functions  ; 64                                           ;
;     Dedicated logic registers      ; 21                                           ;
; Total registers                    ; 21                                           ;
; Total pins                         ; 78                                           ;
; Total virtual pins                 ; 0                                            ;
; Total memory bits                  ; 0                                            ;
; Embedded Multiplier 9-bit elements ; 0                                            ;
; Total PLLs                         ; 0                                            ;
+------------------------------------+----------------------------------------------+


+------------------------------------------------------------------------------------------------------------------------+
; Analysis & Synthesis Settings                                                                                          ;
+--------------------------------------------------------------+----------------------------+----------------------------+
; Option                                                       ; Setting                    ; Default Value              ;
+--------------------------------------------------------------+----------------------------+----------------------------+
; Device                                                       ; EP2C35F672C6               ;                            ;
; Top-level entity name                                        ; Lab4_Change_for_Simulation ; Lab4_Change_for_Simulation ;
; Family name                                                  ; Cyclone II                 ; Stratix II                 ;
; Use Generated Physical Constraints File                      ; Off                        ;                            ;
; Use smart compilation                                        ; Off                        ; Off                        ;
; Restructure Multiplexers                                     ; Auto                       ; Auto                       ;
; Create Debugging Nodes for IP Cores                          ; Off                        ; Off                        ;
; Preserve fewer node names                                    ; On                         ; On                         ;
; Disable OpenCore Plus hardware evaluation                    ; Off                        ; Off                        ;
; Verilog Version                                              ; Verilog_2001               ; Verilog_2001               ;
; VHDL Version                                                 ; VHDL93                     ; VHDL93                     ;
; State Machine Processing                                     ; Auto                       ; Auto                       ;
; Safe State Machine                                           ; Off                        ; Off                        ;
; Extract Verilog State Machines                               ; On                         ; On                         ;
; Extract VHDL State Machines                                  ; On                         ; On                         ;
; Ignore Verilog initial constructs                            ; Off                        ; Off                        ;
; Iteration limit for constant Verilog loops                   ; 5000                       ; 5000                       ;
; Iteration limit for non-constant Verilog loops               ; 250                        ; 250                        ;
; Add Pass-Through Logic to Inferred RAMs                      ; On                         ; On                         ;
; Parallel Synthesis                                           ; Off                        ; Off                        ;
; DSP Block Balancing                                          ; Auto                       ; Auto                       ;
; NOT Gate Push-Back                                           ; On                         ; On                         ;
; Power-Up Don't Care                                          ; On                         ; On                         ;
; Remove Redundant Logic Cells                                 ; Off                        ; Off                        ;
; Remove Duplicate Registers                                   ; On                         ; On                         ;
; Ignore CARRY Buffers                                         ; Off                        ; Off                        ;
; Ignore CASCADE Buffers                                       ; Off                        ; Off                        ;
; Ignore GLOBAL Buffers                                        ; Off                        ; Off                        ;
; Ignore ROW GLOBAL Buffers                                    ; Off                        ; Off                        ;
; Ignore LCELL Buffers                                         ; Off                        ; Off                        ;
; Ignore SOFT Buffers                                          ; On                         ; On                         ;
; Limit AHDL Integers to 32 Bits                               ; Off                        ; Off                        ;
; Optimization Technique                                       ; Balanced                   ; Balanced                   ;
; Carry Chain Length                                           ; 70                         ; 70                         ;
; Auto Carry Chains                                            ; On                         ; On                         ;
; Auto Open-Drain Pins                                         ; On                         ; On                         ;
; Perform WYSIWYG Primitive Resynthesis                        ; Off                        ; Off                        ;
; Auto ROM Replacement                                         ; On                         ; On                         ;
; Auto RAM Replacement                                         ; On                         ; On                         ;
; Auto Shift Register Replacement                              ; Auto                       ; Auto                       ;
; Auto Clock Enable Replacement                                ; On                         ; On                         ;
; Strict RAM Replacement                                       ; Off                        ; Off                        ;
; Allow Synchronous Control Signals                            ; On                         ; On                         ;
; Force Use of Synchronous Clear Signals                       ; Off                        ; Off                        ;
; Auto RAM to Logic Cell Conversion                            ; Off                        ; Off                        ;
; Auto Resource Sharing                                        ; Off                        ; Off                        ;
; Allow Any RAM Size For Recognition                           ; Off                        ; Off                        ;
; Allow Any ROM Size For Recognition                           ; Off                        ; Off                        ;
; Allow Any Shift Register Size For Recognition                ; Off                        ; Off                        ;
; Use LogicLock Constraints during Resource Balancing          ; On                         ; On                         ;
; Ignore translate_off and synthesis_off directives            ; Off                        ; Off                        ;
; Timing-Driven Synthesis                                      ; Off                        ; Off                        ;
; Show Parameter Settings Tables in Synthesis Report           ; On                         ; On                         ;
; Ignore Maximum Fan-Out Assignments                           ; Off                        ; Off                        ;
; Synchronization Register Chain Length                        ; 2                          ; 2                          ;
; PowerPlay Power Optimization                                 ; Normal compilation         ; Normal compilation         ;
; HDL message level                                            ; Level2                     ; Level2                     ;
; Suppress Register Optimization Related Messages              ; Off                        ; Off                        ;
; Number of Removed Registers Reported in Synthesis Report     ; 100                        ; 100                        ;
; Number of Inverted Registers Reported in Synthesis Report    ; 100                        ; 100                        ;
; Clock MUX Protection                                         ; On                         ; On                         ;
; Auto Gated Clock Conversion                                  ; Off                        ; Off                        ;
; Block Design Naming                                          ; Auto                       ; Auto                       ;
; SDC constraint protection                                    ; Off                        ; Off                        ;
; Synthesis Effort                                             ; Auto                       ; Auto                       ;
; Shift Register Replacement - Allow Asynchronous Clear Signal ; On                         ; On                         ;
; Analysis & Synthesis Message Level                           ; Medium                     ; Medium                     ;
+--------------------------------------------------------------+----------------------------+----------------------------+


+-----------------------------------------------------------------------------------------------------------------------------------------------------------------------------------+
; Analysis & Synthesis Source Files Read                                                                                                                                            ;
+----------------------------------+-----------------+-----------------+------------------------------------------------------------------------------------------------------------+
; File Name with User-Entered Path ; Used in Netlist ; File Type       ; File Name with Absolute Path                                                                               ;
+----------------------------------+-----------------+-----------------+------------------------------------------------------------------------------------------------------------+
; Lab4_Change_for_Simulation.vhd   ; yes             ; User VHDL File  ; C:/Users/User/Documents/1B/Digital Circuits/Labs/Lab4_Change_for_Simulation/Lab4_Change_for_Simulation.vhd ;
+----------------------------------+-----------------+-----------------+------------------------------------------------------------------------------------------------------------+


+--------------------------------------------------------+
; Analysis & Synthesis Resource Usage Summary            ;
+---------------------------------------------+----------+
; Resource                                    ; Usage    ;
+---------------------------------------------+----------+
; Estimated Total logic elements              ; 64       ;
;                                             ;          ;
; Total combinational functions               ; 64       ;
; Logic element usage by number of LUT inputs ;          ;
;     -- 4 input functions                    ; 44       ;
;     -- 3 input functions                    ; 8        ;
;     -- <=2 input functions                  ; 12       ;
;                                             ;          ;
; Logic elements by mode                      ;          ;
;     -- normal mode                          ; 64       ;
;     -- arithmetic mode                      ; 0        ;
;                                             ;          ;
; Total registers                             ; 21       ;
;     -- Dedicated logic registers            ; 21       ;
;     -- I/O registers                        ; 0        ;
;                                             ;          ;
; I/O pins                                    ; 78       ;
; Maximum fan-out node                        ; OneHzMod ;
; Maximum fan-out                             ; 17       ;
; Total fan-out                               ; 295      ;
; Average fan-out                             ; 1.81     ;
+---------------------------------------------+----------+


+---------------------------------------------------------------------------------------------------------------------------------------------------------------------------------------------------------------+
; Analysis & Synthesis Resource Utilization by Entity                                                                                                                                                           ;
+------------------------------+-------------------+--------------+-------------+--------------+---------+-----------+------+--------------+-----------------------------------------------------+--------------+
; Compilation Hierarchy Node   ; LC Combinationals ; LC Registers ; Memory Bits ; DSP Elements ; DSP 9x9 ; DSP 18x18 ; Pins ; Virtual Pins ; Full Hierarchy Name                                 ; Library Name ;
+------------------------------+-------------------+--------------+-------------+--------------+---------+-----------+------+--------------+-----------------------------------------------------+--------------+
; |Lab4_Change_for_Simulation  ; 64 (40)           ; 21 (21)      ; 0           ; 0            ; 0       ; 0         ; 78   ; 0            ; |Lab4_Change_for_Simulation                         ; work         ;
;    |SevenSegment:ShowCount1| ; 7 (7)             ; 0 (0)        ; 0           ; 0            ; 0       ; 0         ; 0    ; 0            ; |Lab4_Change_for_Simulation|SevenSegment:ShowCount1 ; work         ;
;    |SevenSegment:ShowCount2| ; 7 (7)             ; 0 (0)        ; 0           ; 0            ; 0       ; 0         ; 0    ; 0            ; |Lab4_Change_for_Simulation|SevenSegment:ShowCount2 ; work         ;
;    |SevenSegment:ShowCount3| ; 7 (7)             ; 0 (0)        ; 0           ; 0            ; 0       ; 0         ; 0    ; 0            ; |Lab4_Change_for_Simulation|SevenSegment:ShowCount3 ; work         ;
;    |SevenSegment:ShowState|  ; 3 (3)             ; 0 (0)        ; 0           ; 0            ; 0       ; 0         ; 0    ; 0            ; |Lab4_Change_for_Simulation|SevenSegment:ShowState  ; work         ;
+------------------------------+-------------------+--------------+-------------+--------------+---------+-----------+------+--------------+-----------------------------------------------------+--------------+
Note: For table entries with two numbers listed, the numbers in parentheses indicate the number of resources of the given type used by the specific entity alone. The numbers listed outside of parentheses indicate the total resources of the given type used by the specific entity and all of its sub-entities in the hierarchy.


Encoding Type:  One-Hot
+-------------------------------------------------------------------------------------------------+
; State Machine - |Lab4_Change_for_Simulation|state                                               ;
+-------------------+------------------+-------------------+------------------+-------------------+
; Name              ; state.Red1_Amber ; state.Red1_Green2 ; state.Amber_Red2 ; state.Green1_Red2 ;
+-------------------+------------------+-------------------+------------------+-------------------+
; state.Green1_Red2 ; 0                ; 0                 ; 0                ; 0                 ;
; state.Amber_Red2  ; 0                ; 0                 ; 1                ; 1                 ;
; state.Red1_Green2 ; 0                ; 1                 ; 0                ; 1                 ;
; state.Red1_Amber  ; 1                ; 0                 ; 0                ; 1                 ;
+-------------------+------------------+-------------------+------------------+-------------------+


+------------------------------------------------------+
; General Register Statistics                          ;
+----------------------------------------------+-------+
; Statistic                                    ; Value ;
+----------------------------------------------+-------+
; Total registers                              ; 21    ;
; Number of registers using Synchronous Clear  ; 0     ;
; Number of registers using Synchronous Load   ; 0     ;
; Number of registers using Asynchronous Clear ; 0     ;
; Number of registers using Asynchronous Load  ; 0     ;
; Number of registers using Clock Enable       ; 0     ;
; Number of registers using Preset             ; 0     ;
+----------------------------------------------+-------+


+-------------------------------------------------------------------------------------------------------------------------------------------------------+
; Multiplexer Restructuring Statistics (Restructuring Performed)                                                                                        ;
+--------------------+-----------+---------------+----------------------+------------------------+------------+-----------------------------------------+
; Multiplexer Inputs ; Bus Width ; Baseline Area ; Area if Restructured ; Saving if Restructured ; Registered ; Example Multiplexer Output              ;
+--------------------+-----------+---------------+----------------------+------------------------+------------+-----------------------------------------+
; 3:1                ; 4 bits    ; 8 LEs         ; 4 LEs                ; 4 LEs                  ; Yes        ; |Lab4_Change_for_Simulation|Counter[0]  ;
; 3:1                ; 4 bits    ; 8 LEs         ; 4 LEs                ; 4 LEs                  ; Yes        ; |Lab4_Change_for_Simulation|Counter2[0] ;
; 3:1                ; 4 bits    ; 8 LEs         ; 4 LEs                ; 4 LEs                  ; Yes        ; |Lab4_Change_for_Simulation|Counter3[0] ;
+--------------------+-----------+---------------+----------------------+------------------------+------------+-----------------------------------------+


+-----------------------------------------------------+
; Port Connectivity Checks: "SevenSegment:ShowCount3" ;
+----------+-------+----------+-----------------------+
; Port     ; Type  ; Severity ; Details               ;
+----------+-------+----------+-----------------------+
; blanking ; Input ; Info     ; Stuck at GND          ;
+----------+-------+----------+-----------------------+


+-----------------------------------------------------+
; Port Connectivity Checks: "SevenSegment:ShowCount2" ;
+----------+-------+----------+-----------------------+
; Port     ; Type  ; Severity ; Details               ;
+----------+-------+----------+-----------------------+
; blanking ; Input ; Info     ; Stuck at GND          ;
+----------+-------+----------+-----------------------+


+-----------------------------------------------------+
; Port Connectivity Checks: "SevenSegment:ShowCount1" ;
+----------+-------+----------+-----------------------+
; Port     ; Type  ; Severity ; Details               ;
+----------+-------+----------+-----------------------+
; blanking ; Input ; Info     ; Stuck at GND          ;
+----------+-------+----------+-----------------------+


+----------------------------------------------------+
; Port Connectivity Checks: "SevenSegment:ShowState" ;
+--------------+-------+----------+------------------+
; Port         ; Type  ; Severity ; Details          ;
+--------------+-------+----------+------------------+
; datain[3..2] ; Input ; Info     ; Stuck at GND     ;
; blanking     ; Input ; Info     ; Stuck at GND     ;
+--------------+-------+----------+------------------+


+-------------------------------+
; Analysis & Synthesis Messages ;
+-------------------------------+
Info: *******************************************************************
Info: Running Quartus II Analysis & Synthesis
    Info: Version 9.0 Build 184 04/29/2009 Service Pack 1 SJ Web Edition
    Info: Processing started: Sun Jul 17 20:19:36 2011
Info: Command: quartus_map --read_settings_files=on --write_settings_files=off Lab4_Change_for_Simulation -c Lab4_Change_for_Simulation
Info: Found 4 design units, including 2 entities, in source file Lab4_Change_for_Simulation.vhd
    Info: Found design unit 1: SevenSegment-Behavioral
    Info: Found design unit 2: Lab4_Change_for_Simulation-traffic_lights
    Info: Found entity 1: SevenSegment
    Info: Found entity 2: Lab4_Change_for_Simulation
Info: Elaborating entity "Lab4_Change_for_Simulation" for the top level hierarchy
Warning (10492): VHDL Process Statement warning at Lab4_Change_for_Simulation.vhd(168): signal "Counter" is read inside the Process Statement but isn't in the Process Statement's sensitivity list
Warning (10492): VHDL Process Statement warning at Lab4_Change_for_Simulation.vhd(178): signal "clock_50" is read inside the Process Statement but isn't in the Process Statement's sensitivity list
Warning (10492): VHDL Process Statement warning at Lab4_Change_for_Simulation.vhd(184): signal "Counter" is read inside the Process Statement but isn't in the Process Statement's sensitivity list
Warning (10492): VHDL Process Statement warning at Lab4_Change_for_Simulation.vhd(185): signal "Mode" is read inside the Process Statement but isn't in the Process Statement's sensitivity list
Warning (10492): VHDL Process Statement warning at Lab4_Change_for_Simulation.vhd(186): signal "sw" is read inside the Process Statement but isn't in the Process Statement's sensitivity list
Warning (10492): VHDL Process Statement warning at Lab4_Change_for_Simulation.vhd(187): signal "sw" is read inside the Process Statement but isn't in the Process Statement's sensitivity list
Warning (10492): VHDL Process Statement warning at Lab4_Change_for_Simulation.vhd(208): signal "Counter" is read inside the Process Statement but isn't in the Process Statement's sensitivity list
Warning (10492): VHDL Process Statement warning at Lab4_Change_for_Simulation.vhd(218): signal "clock_50" is read inside the Process Statement but isn't in the Process Statement's sensitivity list
Warning (10492): VHDL Process Statement warning at Lab4_Change_for_Simulation.vhd(224): signal "Counter" is read inside the Process Statement but isn't in the Process Statement's sensitivity list
Warning (10492): VHDL Process Statement warning at Lab4_Change_for_Simulation.vhd(225): signal "Mode" is read inside the Process Statement but isn't in the Process Statement's sensitivity list
Warning (10492): VHDL Process Statement warning at Lab4_Change_for_Simulation.vhd(226): signal "sw" is read inside the Process Statement but isn't in the Process Statement's sensitivity list
Warning (10492): VHDL Process Statement warning at Lab4_Change_for_Simulation.vhd(227): signal "sw" is read inside the Process Statement but isn't in the Process Statement's sensitivity list
Warning (10873): Using initial value X (don't care) for net "ledr[17]" at Lab4_Change_for_Simulation.vhd(59)
Warning (10873): Using initial value X (don't care) for net "ledr[16]" at Lab4_Change_for_Simulation.vhd(59)
Warning (10873): Using initial value X (don't care) for net "ledr[15]" at Lab4_Change_for_Simulation.vhd(59)
Warning (10873): Using initial value X (don't care) for net "ledr[14]" at Lab4_Change_for_Simulation.vhd(59)
Warning (10873): Using initial value X (don't care) for net "ledr[13]" at Lab4_Change_for_Simulation.vhd(59)
Warning (10873): Using initial value X (don't care) for net "ledr[12]" at Lab4_Change_for_Simulation.vhd(59)
Info: Elaborating entity "SevenSegment" for hierarchy "SevenSegment:ShowState"
Warning: Output pins are stuck at VCC or GND
    Warning (13410): Pin "ledr[1]" is stuck at GND
    Warning (13410): Pin "ledr[2]" is stuck at GND
    Warning (13410): Pin "ledr[3]" is stuck at GND
    Warning (13410): Pin "ledr[4]" is stuck at GND
    Warning (13410): Pin "ledr[5]" is stuck at GND
    Warning (13410): Pin "ledr[6]" is stuck at GND
    Warning (13410): Pin "ledr[7]" is stuck at GND
    Warning (13410): Pin "ledr[8]" is stuck at GND
    Warning (13410): Pin "ledr[9]" is stuck at GND
    Warning (13410): Pin "ledr[10]" is stuck at GND
    Warning (13410): Pin "ledr[12]" is stuck at GND
    Warning (13410): Pin "ledr[13]" is stuck at GND
    Warning (13410): Pin "ledr[14]" is stuck at GND
    Warning (13410): Pin "ledr[15]" is stuck at GND
    Warning (13410): Pin "ledr[16]" is stuck at GND
    Warning (13410): Pin "ledr[17]" is stuck at GND
    Warning (13410): Pin "ledg[0]" is stuck at GND
    Warning (13410): Pin "ledg[1]" is stuck at GND
    Warning (13410): Pin "ledg[2]" is stuck at GND
    Warning (13410): Pin "ledg[3]" is stuck at GND
    Warning (13410): Pin "ledg[4]" is stuck at GND
    Warning (13410): Pin "ledg[5]" is stuck at GND
    Warning (13410): Pin "ledg[6]" is stuck at GND
    Warning (13410): Pin "hex0[1]" is stuck at GND
Warning: Design contains 18 input pin(s) that do not drive logic
    Warning (15610): No output dependent on input pin "key[0]"
    Warning (15610): No output dependent on input pin "key[1]"
    Warning (15610): No output dependent on input pin "key[2]"
    Warning (15610): No output dependent on input pin "key[3]"
    Warning (15610): No output dependent on input pin "sw[1]"
    Warning (15610): No output dependent on input pin "sw[2]"
    Warning (15610): No output dependent on input pin "sw[3]"
    Warning (15610): No output dependent on input pin "sw[4]"
    Warning (15610): No output dependent on input pin "sw[5]"
    Warning (15610): No output dependent on input pin "sw[6]"
    Warning (15610): No output dependent on input pin "sw[7]"
    Warning (15610): No output dependent on input pin "sw[8]"
    Warning (15610): No output dependent on input pin "sw[9]"
    Warning (15610): No output dependent on input pin "sw[10]"
    Warning (15610): No output dependent on input pin "sw[12]"
    Warning (15610): No output dependent on input pin "sw[13]"
    Warning (15610): No output dependent on input pin "sw[14]"
    Warning (15610): No output dependent on input pin "sw[15]"
Info: Implemented 142 device resources after synthesis - the final resource count might be different
    Info: Implemented 23 input pins
    Info: Implemented 55 output pins
    Info: Implemented 64 logic cells
Info: Quartus II Analysis & Synthesis was successful. 0 errors, 62 warnings
    Info: Peak virtual memory: 236 megabytes
    Info: Processing ended: Sun Jul 17 20:19:40 2011
    Info: Elapsed time: 00:00:04
    Info: Total CPU time (on all processors): 00:00:03


